0 info it worked if it ends with ok
1 verbose cli [ '/usr/local/bin/node', '/usr/local/bin/npm', 'run', 'test' ]
2 info using npm@3.10.8
3 info using node@v6.4.0
4 verbose run-script [ 'pretest', 'test', 'posttest' ]
5 info lifecycle mini-backbone@1.0.0~pretest: mini-backbone@1.0.0
6 silly lifecycle mini-backbone@1.0.0~pretest: no script for pretest, continuing
7 info lifecycle mini-backbone@1.0.0~test: mini-backbone@1.0.0
8 verbose lifecycle mini-backbone@1.0.0~test: unsafe-perm in lifecycle true
9 verbose lifecycle mini-backbone@1.0.0~test: PATH: /usr/local/lib/node_modules/.npm_npminstall/node_modules/.3.10.8@npm/bin/node-gyp-bin:/Users/stephenliu/Desktop/javascript-framework-design/Mini-Backbone/node_modules/.bin:/usr/local/bin:/usr/bin:/bin:/usr/sbin:/sbin
10 verbose lifecycle mini-backbone@1.0.0~test: CWD: /Users/stephenliu/Desktop/javascript-framework-design/Mini-Backbone
11 silly lifecycle mini-backbone@1.0.0~test: Args: [ '-c', 'karma start' ]
12 silly lifecycle mini-backbone@1.0.0~test: Returned: code: 1  signal: null
13 info lifecycle mini-backbone@1.0.0~test: Failed to exec test script
14 verbose stack Error: mini-backbone@1.0.0 test: `karma start`
14 verbose stack Exit status 1
14 verbose stack     at EventEmitter.<anonymous> (/usr/local/lib/node_modules/.npm_npminstall/node_modules/.3.10.8@npm/lib/utils/lifecycle.js:255:16)
14 verbose stack     at emitTwo (events.js:106:13)
14 verbose stack     at EventEmitter.emit (events.js:191:7)
14 verbose stack     at ChildProcess.<anonymous> (/usr/local/lib/node_modules/.npm_npminstall/node_modules/.3.10.8@npm/lib/utils/spawn.js:40:14)
14 verbose stack     at emitTwo (events.js:106:13)
14 verbose stack     at ChildProcess.emit (events.js:191:7)
14 verbose stack     at maybeClose (internal/child_process.js:852:16)
14 verbose stack     at Process.ChildProcess._handle.onexit (internal/child_process.js:215:5)
15 verbose pkgid mini-backbone@1.0.0
16 verbose cwd /Users/stephenliu/Desktop/javascript-framework-design/Mini-Backbone
17 error Darwin 15.6.0
18 error argv "/usr/local/bin/node" "/usr/local/bin/npm" "run" "test"
19 error node v6.4.0
20 error npm  v3.10.8
21 error code ELIFECYCLE
22 error mini-backbone@1.0.0 test: `karma start`
22 error Exit status 1
23 error Failed at the mini-backbone@1.0.0 test script 'karma start'.
23 error Make sure you have the latest version of node.js and npm installed.
23 error If you do, this is most likely a problem with the mini-backbone package,
23 error not with npm itself.
23 error Tell the author that this fails on your system:
23 error     karma start
23 error You can get information on how to open an issue for this project with:
23 error     npm bugs mini-backbone
23 error Or if that isn't available, you can get their info via:
23 error     npm owner ls mini-backbone
23 error There is likely additional logging output above.
24 verbose exit [ 1, true ]
